<?xml version="1.0" encoding="UTF-8"?>
<!-- Generated by org.testng.reporters.JUnitReportReporter -->
<testsuite hostname="ICT-NB-16" failures="0" tests="1" name="package1.Practice3" time="24.851" errors="0" timestamp="2021-06-22T16:01:15 PST" skipped="0">
  <testcase classname="package1.Practice3" name="f" time="24.851"/>
  <system-out/>
</testsuite> <!-- package1.Practice3 -->
